<?xml version="1.0" encoding="UTF-8"?>
<!-- Generated by org.testng.reporters.JUnitReportReporter -->
<testsuite hostname="MacBook-Pro-5.local" failures="0" tests="2" name="Tests.StandAloneTest" time="20.695" errors="0" timestamp="2024-12-14T15:11:05 GMT+04:00" skipped="0">
  <testcase classname="Tests.StandAloneTest" name="submitOrder" time="10.748"/>
  <testcase classname="Tests.StandAloneTest" name="submitOrder" time="9.947"/>
</testsuite> <!-- Tests.StandAloneTest -->
