<?xml version="1.0" encoding="UTF-8"?>
<!-- Generated by org.testng.reporters.JUnitReportReporter -->
<testsuite hostname="MacBook-Pro-5.local" failures="0" tests="2" name="Tests.StandAloneTest" time="19.737" errors="0" timestamp="2024-12-19T08:37:36 GMT+04:00" skipped="0">
  <testcase classname="Tests.StandAloneTest" name="submitOrder" time="9.353"/>
  <testcase classname="Tests.StandAloneTest" name="submitOrder" time="10.384"/>
</testsuite> <!-- Tests.StandAloneTest -->
